{
  "RSpec": {
    "coverage": {
      "/Users/samcolson/Documents/Projects/Weekend_Challenges/bowling-challenge/spec/database_connection_spec.rb": {
        "lines": [
          1,
          null,
          1,
          1,
          1,
          1,
          1,
          null,
          null,
          null,
          1,
          1,
          1,
          1,
          1,
          null,
          null,
          null
        ]
      },
      "/Users/samcolson/Documents/Projects/Weekend_Challenges/bowling-challenge/lib/database_connection.rb": {
        "lines": [
          1,
          null,
          1,
          1,
          2,
          null,
          null,
          1,
          0,
          null,
          null,
          1,
          1,
          null,
          null,
          null
        ]
      },
      "/Users/samcolson/Documents/Projects/Weekend_Challenges/bowling-challenge/spec/frame_spec.rb": {
        "lines": [
          1,
          1,
          null,
          1,
          1,
          1,
          null,
          null,
          1,
          null,
          null,
          null,
          null
        ]
      },
      "/Users/samcolson/Documents/Projects/Weekend_Challenges/bowling-challenge/lib/frame.rb": {
        "lines": [
          1,
          null,
          1,
          null,
          1,
          0,
          0,
          0,
          null,
          null,
          null
        ]
      }
    },
    "timestamp": 1601825243
  }
}
