<?xml version="1.0" encoding="UTF-8"?>
<coverage generated="1641657687961" clover="3.2.0">
  <project timestamp="1641657687961" name="All files">
    <metrics statements="15" coveredstatements="15" conditionals="16" coveredconditionals="13" methods="6" coveredmethods="6" elements="37" coveredelements="34" complexity="0" loc="15" ncloc="15" packages="1" files="1" classes="1"/>
    <file name="bowling.js" path="/Users/giorgigutsaevi/Projects/JS-bowling-challenge/main/bowling.js">
      <metrics statements="15" coveredstatements="15" conditionals="16" coveredconditionals="13" methods="6" coveredmethods="6"/>
      <line num="4" count="90" type="stmt"/>
      <line num="5" count="9" type="stmt"/>
      <line num="6" count="9" type="stmt"/>
      <line num="10" count="6" type="cond" truecount="1" falsecount="1"/>
      <line num="11" count="6" type="cond" truecount="4" falsecount="0"/>
      <line num="12" count="2" type="stmt"/>
      <line num="13" count="2" type="stmt"/>
      <line num="14" count="4" type="cond" truecount="4" falsecount="0"/>
      <line num="15" count="2" type="stmt"/>
      <line num="16" count="2" type="stmt"/>
      <line num="17" count="2" type="stmt"/>
      <line num="19" count="2" type="stmt"/>
      <line num="20" count="2" type="stmt"/>
      <line num="26" count="1" type="cond" truecount="1" falsecount="1"/>
      <line num="30" count="2" type="cond" truecount="3" falsecount="1"/>
    </file>
  </project>
</coverage>
