{"/Users/ruiined/Documents/Projects/bowling-challenge/frame.js": {"path":"/Users/ruiined/Documents/Projects/bowling-challenge/frame.js","statementMap":{"0":{"start":{"line":3,"column":4},"end":{"line":3,"column":22}},"1":{"start":{"line":4,"column":4},"end":{"line":4,"column":20}},"2":{"start":{"line":8,"column":4},"end":{"line":8,"column":22}},"3":{"start":{"line":12,"column":4},"end":{"line":12,"column":73}},"4":{"start":{"line":12,"column":26},"end":{"line":12,"column":73}},"5":{"start":{"line":13,"column":4},"end":{"line":13,"column":73}},"6":{"start":{"line":13,"column":18},"end":{"line":13,"column":73}},"7":{"start":{"line":14,"column":4},"end":{"line":14,"column":96}},"8":{"start":{"line":14,"column":30},"end":{"line":14,"column":96}},"9":{"start":{"line":15,"column":4},"end":{"line":15,"column":112}},"10":{"start":{"line":15,"column":46},"end":{"line":15,"column":112}},"11":{"start":{"line":16,"column":4},"end":{"line":16,"column":26}},"12":{"start":{"line":20,"column":4},"end":{"line":20,"column":87}},"13":{"start":{"line":24,"column":0},"end":{"line":24,"column":22}}},"fnMap":{"0":{"name":"(anonymous_0)","decl":{"start":{"line":2,"column":2},"end":{"line":2,"column":3}},"loc":{"start":{"line":2,"column":16},"end":{"line":5,"column":3}},"line":2},"1":{"name":"(anonymous_1)","decl":{"start":{"line":7,"column":2},"end":{"line":7,"column":3}},"loc":{"start":{"line":7,"column":13},"end":{"line":9,"column":3}},"line":7},"2":{"name":"(anonymous_2)","decl":{"start":{"line":11,"column":2},"end":{"line":11,"column":3}},"loc":{"start":{"line":11,"column":17},"end":{"line":17,"column":3}},"line":11},"3":{"name":"(anonymous_3)","decl":{"start":{"line":19,"column":2},"end":{"line":19,"column":3}},"loc":{"start":{"line":19,"column":14},"end":{"line":21,"column":3}},"line":19}},"branchMap":{"0":{"loc":{"start":{"line":12,"column":4},"end":{"line":12,"column":73}},"type":"if","locations":[{"start":{"line":12,"column":4},"end":{"line":12,"column":73}},{"start":{},"end":{}}],"line":12},"1":{"loc":{"start":{"line":13,"column":4},"end":{"line":13,"column":73}},"type":"if","locations":[{"start":{"line":13,"column":4},"end":{"line":13,"column":73}},{"start":{},"end":{}}],"line":13},"2":{"loc":{"start":{"line":14,"column":4},"end":{"line":14,"column":96}},"type":"if","locations":[{"start":{"line":14,"column":4},"end":{"line":14,"column":96}},{"start":{},"end":{}}],"line":14},"3":{"loc":{"start":{"line":15,"column":4},"end":{"line":15,"column":112}},"type":"if","locations":[{"start":{"line":15,"column":4},"end":{"line":15,"column":112}},{"start":{},"end":{}}],"line":15},"4":{"loc":{"start":{"line":20,"column":11},"end":{"line":20,"column":86}},"type":"binary-expr","locations":[{"start":{"line":20,"column":11},"end":{"line":20,"column":33}},{"start":{"line":20,"column":38},"end":{"line":20,"column":61}},{"start":{"line":20,"column":65},"end":{"line":20,"column":85}}],"line":20}},"s":{"0":5,"1":5,"2":6,"3":12,"4":1,"5":11,"6":1,"7":10,"8":1,"9":9,"10":1,"11":8,"12":18,"13":2},"f":{"0":5,"1":6,"2":12,"3":18},"b":{"0":[1,11],"1":[1,10],"2":[1,9],"3":[1,8],"4":[18,15,8]},"_coverageSchema":"1a1c01bbd47fc00a2c39e90264f33305004495a9","hash":"b797c60c1879acdd3dc2eb62fe908bf0a8dc733f"}
,"/Users/ruiined/Documents/Projects/bowling-challenge/game.js": {"path":"/Users/ruiined/Documents/Projects/bowling-challenge/game.js","statementMap":{"0":{"start":{"line":1,"column":14},"end":{"line":1,"column":32}},"1":{"start":{"line":5,"column":4},"end":{"line":5,"column":20}},"2":{"start":{"line":6,"column":4},"end":{"line":6,"column":27}},"3":{"start":{"line":7,"column":4},"end":{"line":7,"column":25}},"4":{"start":{"line":11,"column":4},"end":{"line":11,"column":21}},"5":{"start":{"line":15,"column":4},"end":{"line":15,"column":100}},"6":{"start":{"line":15,"column":28},"end":{"line":15,"column":100}},"7":{"start":{"line":16,"column":4},"end":{"line":16,"column":30}},"8":{"start":{"line":17,"column":4},"end":{"line":17,"column":56}},"9":{"start":{"line":17,"column":32},"end":{"line":17,"column":56}},"10":{"start":{"line":21,"column":16},"end":{"line":21,"column":17}},"11":{"start":{"line":22,"column":4},"end":{"line":22,"column":67}},"12":{"start":{"line":22,"column":30},"end":{"line":22,"column":65}},"13":{"start":{"line":22,"column":50},"end":{"line":22,"column":64}},"14":{"start":{"line":23,"column":4},"end":{"line":23,"column":16}},"15":{"start":{"line":27,"column":4},"end":{"line":27,"column":33}},"16":{"start":{"line":31,"column":4},"end":{"line":31,"column":55}},"17":{"start":{"line":31,"column":31},"end":{"line":31,"column":55}},"18":{"start":{"line":32,"column":4},"end":{"line":32,"column":40}},"19":{"start":{"line":33,"column":4},"end":{"line":33,"column":27}},"20":{"start":{"line":37,"column":4},"end":{"line":37,"column":45}},"21":{"start":{"line":41,"column":4},"end":{"line":41,"column":39}},"22":{"start":{"line":45,"column":4},"end":{"line":46,"column":26}},"23":{"start":{"line":50,"column":4},"end":{"line":50,"column":97}},"24":{"start":{"line":50,"column":27},"end":{"line":50,"column":97}},"25":{"start":{"line":51,"column":4},"end":{"line":51,"column":72}},"26":{"start":{"line":51,"column":26},"end":{"line":51,"column":72}},"27":{"start":{"line":55,"column":4},"end":{"line":55,"column":48}},"28":{"start":{"line":59,"column":4},"end":{"line":61,"column":69}},"29":{"start":{"line":65,"column":4},"end":{"line":65,"column":76}},"30":{"start":{"line":66,"column":4},"end":{"line":66,"column":55}},"31":{"start":{"line":70,"column":4},"end":{"line":70,"column":33}},"32":{"start":{"line":74,"column":0},"end":{"line":74,"column":21}}},"fnMap":{"0":{"name":"(anonymous_0)","decl":{"start":{"line":4,"column":2},"end":{"line":4,"column":3}},"loc":{"start":{"line":4,"column":16},"end":{"line":8,"column":3}},"line":4},"1":{"name":"(anonymous_1)","decl":{"start":{"line":10,"column":2},"end":{"line":10,"column":3}},"loc":{"start":{"line":10,"column":13},"end":{"line":12,"column":3}},"line":10},"2":{"name":"(anonymous_2)","decl":{"start":{"line":14,"column":2},"end":{"line":14,"column":3}},"loc":{"start":{"line":14,"column":17},"end":{"line":18,"column":3}},"line":14},"3":{"name":"(anonymous_3)","decl":{"start":{"line":20,"column":2},"end":{"line":20,"column":3}},"loc":{"start":{"line":20,"column":15},"end":{"line":24,"column":3}},"line":20},"4":{"name":"(anonymous_4)","decl":{"start":{"line":22,"column":21},"end":{"line":22,"column":22}},"loc":{"start":{"line":22,"column":30},"end":{"line":22,"column":65}},"line":22},"5":{"name":"(anonymous_5)","decl":{"start":{"line":22,"column":41},"end":{"line":22,"column":42}},"loc":{"start":{"line":22,"column":50},"end":{"line":22,"column":64}},"line":22},"6":{"name":"(anonymous_6)","decl":{"start":{"line":26,"column":2},"end":{"line":26,"column":3}},"loc":{"start":{"line":26,"column":16},"end":{"line":28,"column":3}},"line":26},"7":{"name":"(anonymous_7)","decl":{"start":{"line":30,"column":2},"end":{"line":30,"column":3}},"loc":{"start":{"line":30,"column":14},"end":{"line":34,"column":3}},"line":30},"8":{"name":"(anonymous_8)","decl":{"start":{"line":36,"column":2},"end":{"line":36,"column":3}},"loc":{"start":{"line":36,"column":15},"end":{"line":38,"column":3}},"line":36},"9":{"name":"(anonymous_9)","decl":{"start":{"line":40,"column":2},"end":{"line":40,"column":3}},"loc":{"start":{"line":40,"column":15},"end":{"line":42,"column":3}},"line":40},"10":{"name":"(anonymous_10)","decl":{"start":{"line":44,"column":2},"end":{"line":44,"column":3}},"loc":{"start":{"line":44,"column":14},"end":{"line":47,"column":3}},"line":44},"11":{"name":"(anonymous_11)","decl":{"start":{"line":49,"column":2},"end":{"line":49,"column":3}},"loc":{"start":{"line":49,"column":22},"end":{"line":52,"column":3}},"line":49},"12":{"name":"(anonymous_12)","decl":{"start":{"line":54,"column":2},"end":{"line":54,"column":3}},"loc":{"start":{"line":54,"column":16},"end":{"line":56,"column":3}},"line":54},"13":{"name":"(anonymous_13)","decl":{"start":{"line":58,"column":2},"end":{"line":58,"column":3}},"loc":{"start":{"line":58,"column":19},"end":{"line":62,"column":3}},"line":58},"14":{"name":"(anonymous_14)","decl":{"start":{"line":64,"column":2},"end":{"line":64,"column":3}},"loc":{"start":{"line":64,"column":24},"end":{"line":67,"column":3}},"line":64},"15":{"name":"(anonymous_15)","decl":{"start":{"line":69,"column":2},"end":{"line":69,"column":3}},"loc":{"start":{"line":69,"column":20},"end":{"line":71,"column":3}},"line":69}},"branchMap":{"0":{"loc":{"start":{"line":15,"column":4},"end":{"line":15,"column":100}},"type":"if","locations":[{"start":{"line":15,"column":4},"end":{"line":15,"column":100}},{"start":{},"end":{}}],"line":15},"1":{"loc":{"start":{"line":15,"column":35},"end":{"line":15,"column":100}},"type":"cond-expr","locations":[{"start":{"line":15,"column":58},"end":{"line":15,"column":80}},{"start":{"line":15,"column":83},"end":{"line":15,"column":100}}],"line":15},"2":{"loc":{"start":{"line":17,"column":4},"end":{"line":17,"column":56}},"type":"if","locations":[{"start":{"line":17,"column":4},"end":{"line":17,"column":56}},{"start":{},"end":{}}],"line":17},"3":{"loc":{"start":{"line":31,"column":4},"end":{"line":31,"column":55}},"type":"if","locations":[{"start":{"line":31,"column":4},"end":{"line":31,"column":55}},{"start":{},"end":{}}],"line":31},"4":{"loc":{"start":{"line":45,"column":11},"end":{"line":46,"column":25}},"type":"binary-expr","locations":[{"start":{"line":45,"column":12},"end":{"line":45,"column":62}},{"start":{"line":46,"column":7},"end":{"line":46,"column":25}}],"line":45},"5":{"loc":{"start":{"line":50,"column":4},"end":{"line":50,"column":97}},"type":"if","locations":[{"start":{"line":50,"column":4},"end":{"line":50,"column":97}},{"start":{},"end":{}}],"line":50},"6":{"loc":{"start":{"line":51,"column":4},"end":{"line":51,"column":72}},"type":"if","locations":[{"start":{"line":51,"column":4},"end":{"line":51,"column":72}},{"start":{},"end":{}}],"line":51},"7":{"loc":{"start":{"line":59,"column":11},"end":{"line":61,"column":68}},"type":"binary-expr","locations":[{"start":{"line":59,"column":11},"end":{"line":59,"column":34}},{"start":{"line":60,"column":11},"end":{"line":60,"column":35}},{"start":{"line":61,"column":12},"end":{"line":61,"column":36}},{"start":{"line":61,"column":40},"end":{"line":61,"column":67}}],"line":59},"8":{"loc":{"start":{"line":65,"column":4},"end":{"line":65,"column":76}},"type":"cond-expr","locations":[{"start":{"line":65,"column":24},"end":{"line":65,"column":48}},{"start":{"line":65,"column":51},"end":{"line":65,"column":76}}],"line":65},"9":{"loc":{"start":{"line":66,"column":11},"end":{"line":66,"column":55}},"type":"binary-expr","locations":[{"start":{"line":66,"column":11},"end":{"line":66,"column":16}},{"start":{"line":66,"column":20},"end":{"line":66,"column":55}}],"line":66}},"s":{"0":1,"1":1,"2":1,"3":1,"4":4,"5":6,"6":0,"7":6,"8":6,"9":3,"10":0,"11":0,"12":0,"13":0,"14":0,"15":3,"16":3,"17":2,"18":3,"19":3,"20":6,"21":2,"22":2,"23":2,"24":0,"25":2,"26":0,"27":6,"28":0,"29":0,"30":0,"31":0,"32":1},"f":{"0":1,"1":4,"2":6,"3":0,"4":0,"5":0,"6":3,"7":3,"8":6,"9":2,"10":2,"11":2,"12":6,"13":0,"14":0,"15":0},"b":{"0":[0,6],"1":[0,0],"2":[3,3],"3":[2,1],"4":[2,0],"5":[0,2],"6":[0,2],"7":[0,0,0,0],"8":[0,0],"9":[0,0]},"_coverageSchema":"1a1c01bbd47fc00a2c39e90264f33305004495a9","hash":"e06729ad5aee389109bfd40f80c76c6cd6be39b2"}
}
