{"src/frame.js":{"path":"src/frame.js","s":{"1":1,"2":152,"3":152,"4":152,"5":1,"6":229,"7":229,"8":1,"9":229,"10":1,"11":398,"12":263,"13":135,"14":1,"15":2,"16":1,"17":1,"18":1,"19":375,"20":1,"21":116,"22":1,"23":230,"24":360,"25":1,"26":2,"27":1,"28":219},"b":{"1":[263,135],"2":[1,1],"3":[116,87],"4":[219,125]},"f":{"1":152,"2":229,"3":229,"4":398,"5":2,"6":375,"7":116,"8":230,"9":360,"10":2,"11":219},"fnMap":{"1":{"name":"Frame","line":3,"loc":{"start":{"line":3,"column":0},"end":{"line":3,"column":17}}},"2":{"name":"(anonymous_2)","line":9,"loc":{"start":{"line":9,"column":23},"end":{"line":9,"column":38}}},"3":{"name":"(anonymous_3)","line":14,"loc":{"start":{"line":14,"column":27},"end":{"line":14,"column":42}}},"4":{"name":"(anonymous_4)","line":18,"loc":{"start":{"line":18,"column":29},"end":{"line":18,"column":40}}},"5":{"name":"(anonymous_5)","line":24,"loc":{"start":{"line":24,"column":30},"end":{"line":24,"column":41}}},"6":{"name":"(anonymous_6)","line":31,"loc":{"start":{"line":31,"column":27},"end":{"line":31,"column":38}}},"7":{"name":"(anonymous_7)","line":35,"loc":{"start":{"line":35,"column":26},"end":{"line":35,"column":37}}},"8":{"name":"(anonymous_8)","line":39,"loc":{"start":{"line":39,"column":24},"end":{"line":39,"column":35}}},"9":{"name":"(anonymous_9)","line":40,"loc":{"start":{"line":40,"column":31},"end":{"line":40,"column":54}}},"10":{"name":"(anonymous_10)","line":45,"loc":{"start":{"line":45,"column":33},"end":{"line":45,"column":44}}},"11":{"name":"(anonymous_11)","line":49,"loc":{"start":{"line":49,"column":31},"end":{"line":49,"column":42}}}},"statementMap":{"1":{"start":{"line":3,"column":0},"end":{"line":7,"column":1}},"2":{"start":{"line":4,"column":4},"end":{"line":4,"column":20}},"3":{"start":{"line":5,"column":4},"end":{"line":5,"column":22}},"4":{"start":{"line":6,"column":4},"end":{"line":6,"column":29}},"5":{"start":{"line":9,"column":0},"end":{"line":12,"column":1}},"6":{"start":{"line":10,"column":4},"end":{"line":10,"column":27}},"7":{"start":{"line":11,"column":4},"end":{"line":11,"column":24}},"8":{"start":{"line":14,"column":0},"end":{"line":16,"column":1}},"9":{"start":{"line":15,"column":4},"end":{"line":15,"column":28}},"10":{"start":{"line":18,"column":0},"end":{"line":22,"column":1}},"11":{"start":{"line":19,"column":2},"end":{"line":21,"column":3}},"12":{"start":{"line":20,"column":4},"end":{"line":20,"column":27}},"13":{"start":{"line":21,"column":4},"end":{"line":21,"column":13}},"14":{"start":{"line":24,"column":0},"end":{"line":29,"column":1}},"15":{"start":{"line":25,"column":4},"end":{"line":27,"column":5}},"16":{"start":{"line":26,"column":8},"end":{"line":26,"column":17}},"17":{"start":{"line":28,"column":4},"end":{"line":28,"column":27}},"18":{"start":{"line":31,"column":0},"end":{"line":33,"column":1}},"19":{"start":{"line":32,"column":4},"end":{"line":32,"column":43}},"20":{"start":{"line":35,"column":0},"end":{"line":37,"column":1}},"21":{"start":{"line":36,"column":4},"end":{"line":36,"column":58}},"22":{"start":{"line":39,"column":0},"end":{"line":43,"column":1}},"23":{"start":{"line":40,"column":4},"end":{"line":42,"column":10}},"24":{"start":{"line":41,"column":8},"end":{"line":41,"column":29}},"25":{"start":{"line":45,"column":0},"end":{"line":47,"column":1}},"26":{"start":{"line":46,"column":4},"end":{"line":46,"column":35}},"27":{"start":{"line":49,"column":0},"end":{"line":51,"column":1}},"28":{"start":{"line":50,"column":4},"end":{"line":50,"column":57}}},"branchMap":{"1":{"line":19,"type":"if","locations":[{"start":{"line":19,"column":2},"end":{"line":19,"column":2}},{"start":{"line":19,"column":2},"end":{"line":19,"column":2}}]},"2":{"line":25,"type":"if","locations":[{"start":{"line":25,"column":4},"end":{"line":25,"column":4}},{"start":{"line":25,"column":4},"end":{"line":25,"column":4}}]},"3":{"line":36,"type":"binary-expr","locations":[{"start":{"line":36,"column":11},"end":{"line":36,"column":27}},{"start":{"line":36,"column":31},"end":{"line":36,"column":58}}]},"4":{"line":50,"type":"binary-expr","locations":[{"start":{"line":50,"column":11},"end":{"line":50,"column":37}},{"start":{"line":50,"column":41},"end":{"line":50,"column":56}}]}}},"src/game.js":{"path":"src/game.js","s":{"1":1,"2":20,"3":20,"4":20,"5":1,"6":20,"7":20,"8":1,"9":220,"10":4,"11":216,"12":216,"13":1,"14":451,"15":1,"16":217,"17":1,"18":139,"19":1,"20":217,"21":119,"22":119,"23":1,"24":10,"25":10,"26":105,"27":105,"28":105,"29":1,"30":105,"31":19,"32":86,"33":1,"34":105,"35":10,"36":95,"37":1,"38":19,"39":18,"40":1,"41":1,"42":10,"43":1,"44":9,"45":9,"46":9,"47":5,"48":1,"49":220},"b":{"1":[4,216],"2":[119,98],"3":[19,86],"4":[105,25,19,19],"5":[10,95],"6":[105,11,10],"7":[18,1],"8":[5,4],"9":[9,6,7],"10":[220,9]},"f":{"1":20,"2":20,"3":220,"4":451,"5":217,"6":139,"7":217,"8":10,"9":105,"10":105,"11":105,"12":19,"13":10,"14":9,"15":220},"fnMap":{"1":{"name":"Game","line":3,"loc":{"start":{"line":3,"column":0},"end":{"line":3,"column":16}}},"2":{"name":"(anonymous_2)","line":9,"loc":{"start":{"line":9,"column":23},"end":{"line":9,"column":34}}},"3":{"name":"(anonymous_3)","line":14,"loc":{"start":{"line":14,"column":22},"end":{"line":14,"column":37}}},"4":{"name":"(anonymous_4)","line":20,"loc":{"start":{"line":20,"column":30},"end":{"line":20,"column":41}}},"5":{"name":"(anonymous_5)","line":24,"loc":{"start":{"line":24,"column":29},"end":{"line":24,"column":40}}},"6":{"name":"(anonymous_6)","line":28,"loc":{"start":{"line":28,"column":26},"end":{"line":28,"column":41}}},"7":{"name":"(anonymous_7)","line":32,"loc":{"start":{"line":32,"column":27},"end":{"line":32,"column":38}}},"8":{"name":"(anonymous_8)","line":39,"loc":{"start":{"line":39,"column":23},"end":{"line":39,"column":34}}},"9":{"name":"(anonymous_9)","line":41,"loc":{"start":{"line":41,"column":31},"end":{"line":41,"column":67}}},"10":{"name":"(anonymous_10)","line":48,"loc":{"start":{"line":48,"column":29},"end":{"line":48,"column":74}}},"11":{"name":"(anonymous_11)","line":54,"loc":{"start":{"line":54,"column":28},"end":{"line":54,"column":61}}},"12":{"name":"(anonymous_12)","line":60,"loc":{"start":{"line":60,"column":29},"end":{"line":60,"column":69}}},"13":{"name":"(anonymous_13)","line":68,"loc":{"start":{"line":68,"column":28},"end":{"line":68,"column":56}}},"14":{"name":"(anonymous_14)","line":72,"loc":{"start":{"line":72,"column":30},"end":{"line":72,"column":41}}},"15":{"name":"(anonymous_15)","line":80,"loc":{"start":{"line":80,"column":29},"end":{"line":80,"column":40}}}},"statementMap":{"1":{"start":{"line":3,"column":0},"end":{"line":7,"column":1}},"2":{"start":{"line":4,"column":4},"end":{"line":4,"column":22}},"3":{"start":{"line":5,"column":4},"end":{"line":5,"column":27}},"4":{"start":{"line":6,"column":4},"end":{"line":6,"column":20}},"5":{"start":{"line":9,"column":0},"end":{"line":12,"column":1}},"6":{"start":{"line":10,"column":4},"end":{"line":10,"column":31}},"7":{"start":{"line":11,"column":4},"end":{"line":11,"column":25}},"8":{"start":{"line":14,"column":0},"end":{"line":18,"column":1}},"9":{"start":{"line":15,"column":4},"end":{"line":15,"column":59}},"10":{"start":{"line":15,"column":30},"end":{"line":15,"column":58}},"11":{"start":{"line":16,"column":4},"end":{"line":16,"column":35}},"12":{"start":{"line":17,"column":4},"end":{"line":17,"column":21}},"13":{"start":{"line":20,"column":0},"end":{"line":22,"column":1}},"14":{"start":{"line":21,"column":4},"end":{"line":21,"column":49}},"15":{"start":{"line":24,"column":0},"end":{"line":26,"column":1}},"16":{"start":{"line":25,"column":4},"end":{"line":25,"column":46}},"17":{"start":{"line":28,"column":0},"end":{"line":30,"column":1}},"18":{"start":{"line":29,"column":4},"end":{"line":29,"column":29}},"19":{"start":{"line":32,"column":0},"end":{"line":37,"column":1}},"20":{"start":{"line":33,"column":4},"end":{"line":36,"column":5}},"21":{"start":{"line":34,"column":8},"end":{"line":34,"column":29}},"22":{"start":{"line":35,"column":8},"end":{"line":35,"column":35}},"23":{"start":{"line":39,"column":0},"end":{"line":46,"column":1}},"24":{"start":{"line":40,"column":4},"end":{"line":40,"column":20}},"25":{"start":{"line":41,"column":4},"end":{"line":45,"column":10}},"26":{"start":{"line":42,"column":8},"end":{"line":42,"column":62}},"27":{"start":{"line":43,"column":8},"end":{"line":43,"column":80}},"28":{"start":{"line":44,"column":8},"end":{"line":44,"column":37}},"29":{"start":{"line":48,"column":0},"end":{"line":52,"column":1}},"30":{"start":{"line":49,"column":4},"end":{"line":51,"column":5}},"31":{"start":{"line":50,"column":8},"end":{"line":50,"column":63}},"32":{"start":{"line":51,"column":6},"end":{"line":51,"column":15}},"33":{"start":{"line":54,"column":0},"end":{"line":58,"column":1}},"34":{"start":{"line":55,"column":4},"end":{"line":57,"column":5}},"35":{"start":{"line":56,"column":8},"end":{"line":56,"column":50}},"36":{"start":{"line":57,"column":6},"end":{"line":57,"column":15}},"37":{"start":{"line":60,"column":0},"end":{"line":66,"column":1}},"38":{"start":{"line":61,"column":4},"end":{"line":65,"column":5}},"39":{"start":{"line":62,"column":8},"end":{"line":62,"column":55}},"40":{"start":{"line":64,"column":8},"end":{"line":64,"column":34}},"41":{"start":{"line":68,"column":0},"end":{"line":70,"column":1}},"42":{"start":{"line":69,"column":4},"end":{"line":69,"column":35}},"43":{"start":{"line":72,"column":0},"end":{"line":78,"column":1}},"44":{"start":{"line":73,"column":4},"end":{"line":73,"column":32}},"45":{"start":{"line":74,"column":4},"end":{"line":74,"column":52}},"46":{"start":{"line":75,"column":4},"end":{"line":77,"column":5}},"47":{"start":{"line":76,"column":8},"end":{"line":76,"column":20}},"48":{"start":{"line":80,"column":0},"end":{"line":82,"column":1}},"49":{"start":{"line":81,"column":4},"end":{"line":81,"column":59}}},"branchMap":{"1":{"line":15,"type":"if","locations":[{"start":{"line":15,"column":4},"end":{"line":15,"column":4}},{"start":{"line":15,"column":4},"end":{"line":15,"column":4}}]},"2":{"line":33,"type":"if","locations":[{"start":{"line":33,"column":4},"end":{"line":33,"column":4}},{"start":{"line":33,"column":4},"end":{"line":33,"column":4}}]},"3":{"line":49,"type":"if","locations":[{"start":{"line":49,"column":4},"end":{"line":49,"column":4}},{"start":{"line":49,"column":4},"end":{"line":49,"column":4}}]},"4":{"line":49,"type":"binary-expr","locations":[{"start":{"line":49,"column":8},"end":{"line":49,"column":24}},{"start":{"line":49,"column":28},"end":{"line":49,"column":35}},{"start":{"line":49,"column":39},"end":{"line":49,"column":49}},{"start":{"line":49,"column":53},"end":{"line":49,"column":63}}]},"5":{"line":55,"type":"if","locations":[{"start":{"line":55,"column":4},"end":{"line":55,"column":4}},{"start":{"line":55,"column":4},"end":{"line":55,"column":4}}]},"6":{"line":55,"type":"binary-expr","locations":[{"start":{"line":55,"column":8},"end":{"line":55,"column":23}},{"start":{"line":55,"column":27},"end":{"line":55,"column":34}},{"start":{"line":55,"column":38},"end":{"line":55,"column":48}}]},"7":{"line":61,"type":"if","locations":[{"start":{"line":61,"column":4},"end":{"line":61,"column":4}},{"start":{"line":61,"column":4},"end":{"line":61,"column":4}}]},"8":{"line":75,"type":"if","locations":[{"start":{"line":75,"column":4},"end":{"line":75,"column":4}},{"start":{"line":75,"column":4},"end":{"line":75,"column":4}}]},"9":{"line":75,"type":"binary-expr","locations":[{"start":{"line":75,"column":9},"end":{"line":75,"column":24}},{"start":{"line":75,"column":28},"end":{"line":75,"column":44}},{"start":{"line":75,"column":49},"end":{"line":75,"column":59}}]},"10":{"line":81,"type":"binary-expr","locations":[{"start":{"line":81,"column":11},"end":{"line":81,"column":34}},{"start":{"line":81,"column":38},"end":{"line":81,"column":58}}]}}}}