{"/Users/jonpillay/Desktop/js-bowling-challenge/lib/add.js": {"path":"/Users/jonpillay/Desktop/js-bowling-challenge/lib/add.js","statementMap":{"0":{"start":{"line":1,"column":12},"end":{"line":3,"column":1}},"1":{"start":{"line":2,"column":4},"end":{"line":2,"column":16}},"2":{"start":{"line":5,"column":0},"end":{"line":5,"column":21}}},"fnMap":{"0":{"name":"(anonymous_0)","decl":{"start":{"line":1,"column":12},"end":{"line":1,"column":13}},"loc":{"start":{"line":1,"column":22},"end":{"line":3,"column":1}},"line":1}},"branchMap":{},"s":{"0":1,"1":1,"2":1},"f":{"0":1},"b":{},"_coverageSchema":"1a1c01bbd47fc00a2c39e90264f33305004495a9","hash":"2530c57f617b3d28202c324c38de0a2b329fa629"}
,"/Users/jonpillay/Desktop/js-bowling-challenge/lib/helpers.js": {"path":"/Users/jonpillay/Desktop/js-bowling-challenge/lib/helpers.js","statementMap":{"0":{"start":{"line":1,"column":16},"end":{"line":5,"column":1}},"1":{"start":{"line":2,"column":14},"end":{"line":2,"column":15}},"2":{"start":{"line":3,"column":2},"end":{"line":3,"column":33}},"3":{"start":{"line":3,"column":20},"end":{"line":3,"column":30}},"4":{"start":{"line":4,"column":2},"end":{"line":4,"column":15}},"5":{"start":{"line":7,"column":0},"end":{"line":7,"column":24}},"6":{"start":{"line":9,"column":0},"end":{"line":9,"column":29}}},"fnMap":{"0":{"name":"(anonymous_0)","decl":{"start":{"line":1,"column":16},"end":{"line":1,"column":17}},"loc":{"start":{"line":1,"column":25},"end":{"line":5,"column":1}},"line":1},"1":{"name":"(anonymous_1)","decl":{"start":{"line":3,"column":15},"end":{"line":3,"column":16}},"loc":{"start":{"line":3,"column":20},"end":{"line":3,"column":30}},"line":3}},"branchMap":{},"s":{"0":1,"1":142,"2":142,"3":317,"4":142,"5":1,"6":1},"f":{"0":142,"1":317},"b":{},"_coverageSchema":"1a1c01bbd47fc00a2c39e90264f33305004495a9","hash":"50f537b2e40a0a66200ddd32d19df990b9375c31"}
,"/Users/jonpillay/Desktop/js-bowling-challenge/lib/models.js": {"path":"/Users/jonpillay/Desktop/js-bowling-challenge/lib/models.js","statementMap":{"0":{"start":{"line":1,"column":16},"end":{"line":1,"column":36}},"1":{"start":{"line":5,"column":4},"end":{"line":5,"column":30}},"2":{"start":{"line":6,"column":4},"end":{"line":6,"column":22}},"3":{"start":{"line":7,"column":4},"end":{"line":7,"column":21}},"4":{"start":{"line":8,"column":4},"end":{"line":8,"column":21}},"5":{"start":{"line":12,"column":4},"end":{"line":12,"column":32}},"6":{"start":{"line":16,"column":4},"end":{"line":24,"column":5}},"7":{"start":{"line":17,"column":6},"end":{"line":17,"column":30}},"8":{"start":{"line":18,"column":11},"end":{"line":24,"column":5}},"9":{"start":{"line":19,"column":6},"end":{"line":19,"column":47}},"10":{"start":{"line":21,"column":6},"end":{"line":23,"column":7}},"11":{"start":{"line":21,"column":19},"end":{"line":21,"column":20}},"12":{"start":{"line":22,"column":8},"end":{"line":22,"column":47}},"13":{"start":{"line":28,"column":22},"end":{"line":28,"column":23}},"14":{"start":{"line":29,"column":4},"end":{"line":29,"column":53}},"15":{"start":{"line":29,"column":32},"end":{"line":29,"column":51}},"16":{"start":{"line":30,"column":4},"end":{"line":30,"column":22}},"17":{"start":{"line":36,"column":4},"end":{"line":36,"column":20}},"18":{"start":{"line":37,"column":4},"end":{"line":37,"column":27}},"19":{"start":{"line":41,"column":4},"end":{"line":41,"column":27}},"20":{"start":{"line":45,"column":23},"end":{"line":45,"column":24}},"21":{"start":{"line":46,"column":4},"end":{"line":46,"column":72}},"22":{"start":{"line":46,"column":34},"end":{"line":46,"column":70}},"23":{"start":{"line":47,"column":4},"end":{"line":47,"column":22}},"24":{"start":{"line":48,"column":4},"end":{"line":48,"column":64}},"25":{"start":{"line":49,"column":17},"end":{"line":49,"column":59}},"26":{"start":{"line":50,"column":4},"end":{"line":50,"column":17}},"27":{"start":{"line":56,"column":4},"end":{"line":56,"column":27}},"28":{"start":{"line":57,"column":4},"end":{"line":57,"column":65}},"29":{"start":{"line":58,"column":4},"end":{"line":89,"column":5}},"30":{"start":{"line":58,"column":17},"end":{"line":58,"column":18}},"31":{"start":{"line":59,"column":6},"end":{"line":87,"column":7}},"32":{"start":{"line":62,"column":8},"end":{"line":81,"column":9}},"33":{"start":{"line":66,"column":13},"end":{"line":81,"column":9}},"34":{"start":{"line":67,"column":10},"end":{"line":72,"column":11}},"35":{"start":{"line":68,"column":12},"end":{"line":68,"column":17}},"36":{"start":{"line":70,"column":12},"end":{"line":70,"column":80}},"37":{"start":{"line":71,"column":12},"end":{"line":71,"column":17}},"38":{"start":{"line":77,"column":13},"end":{"line":81,"column":9}},"39":{"start":{"line":78,"column":10},"end":{"line":78,"column":65}},"40":{"start":{"line":80,"column":10},"end":{"line":80,"column":66}},"41":{"start":{"line":83,"column":13},"end":{"line":87,"column":7}},"42":{"start":{"line":84,"column":8},"end":{"line":84,"column":58}},"43":{"start":{"line":86,"column":8},"end":{"line":86,"column":34}},"44":{"start":{"line":94,"column":0},"end":{"line":94,"column":29}},"45":{"start":{"line":95,"column":0},"end":{"line":95,"column":37}}},"fnMap":{"0":{"name":"(anonymous_0)","decl":{"start":{"line":4,"column":2},"end":{"line":4,"column":3}},"loc":{"start":{"line":4,"column":35},"end":{"line":9,"column":3}},"line":4},"1":{"name":"(anonymous_1)","decl":{"start":{"line":11,"column":2},"end":{"line":11,"column":3}},"loc":{"start":{"line":11,"column":23},"end":{"line":13,"column":3}},"line":11},"2":{"name":"(anonymous_2)","decl":{"start":{"line":15,"column":2},"end":{"line":15,"column":3}},"loc":{"start":{"line":15,"column":20},"end":{"line":25,"column":3}},"line":15},"3":{"name":"(anonymous_3)","decl":{"start":{"line":27,"column":2},"end":{"line":27,"column":3}},"loc":{"start":{"line":27,"column":16},"end":{"line":31,"column":3}},"line":27},"4":{"name":"(anonymous_4)","decl":{"start":{"line":29,"column":24},"end":{"line":29,"column":25}},"loc":{"start":{"line":29,"column":32},"end":{"line":29,"column":51}},"line":29},"5":{"name":"(anonymous_5)","decl":{"start":{"line":35,"column":2},"end":{"line":35,"column":3}},"loc":{"start":{"line":35,"column":16},"end":{"line":38,"column":3}},"line":35},"6":{"name":"(anonymous_6)","decl":{"start":{"line":40,"column":2},"end":{"line":40,"column":3}},"loc":{"start":{"line":40,"column":19},"end":{"line":42,"column":3}},"line":40},"7":{"name":"(anonymous_7)","decl":{"start":{"line":44,"column":2},"end":{"line":44,"column":3}},"loc":{"start":{"line":44,"column":18},"end":{"line":51,"column":3}},"line":44},"8":{"name":"(anonymous_8)","decl":{"start":{"line":46,"column":25},"end":{"line":46,"column":26}},"loc":{"start":{"line":46,"column":34},"end":{"line":46,"column":70}},"line":46},"9":{"name":"(anonymous_9)","decl":{"start":{"line":53,"column":2},"end":{"line":53,"column":3}},"loc":{"start":{"line":53,"column":16},"end":{"line":90,"column":3}},"line":53}},"branchMap":{"0":{"loc":{"start":{"line":4,"column":25},"end":{"line":4,"column":33}},"type":"default-arg","locations":[{"start":{"line":4,"column":31},"end":{"line":4,"column":33}}],"line":4},"1":{"loc":{"start":{"line":16,"column":4},"end":{"line":24,"column":5}},"type":"if","locations":[{"start":{"line":16,"column":4},"end":{"line":24,"column":5}},{"start":{"line":18,"column":11},"end":{"line":24,"column":5}}],"line":16},"2":{"loc":{"start":{"line":18,"column":11},"end":{"line":24,"column":5}},"type":"if","locations":[{"start":{"line":18,"column":11},"end":{"line":24,"column":5}},{"start":{"line":20,"column":11},"end":{"line":24,"column":5}}],"line":18},"3":{"loc":{"start":{"line":59,"column":6},"end":{"line":87,"column":7}},"type":"if","locations":[{"start":{"line":59,"column":6},"end":{"line":87,"column":7}},{"start":{"line":83,"column":13},"end":{"line":87,"column":7}}],"line":59},"4":{"loc":{"start":{"line":62,"column":8},"end":{"line":81,"column":9}},"type":"if","locations":[{"start":{"line":62,"column":8},"end":{"line":81,"column":9}},{"start":{"line":66,"column":13},"end":{"line":81,"column":9}}],"line":62},"5":{"loc":{"start":{"line":62,"column":12},"end":{"line":62,"column":69}},"type":"binary-expr","locations":[{"start":{"line":62,"column":12},"end":{"line":62,"column":36}},{"start":{"line":62,"column":40},"end":{"line":62,"column":69}}],"line":62},"6":{"loc":{"start":{"line":66,"column":13},"end":{"line":81,"column":9}},"type":"if","locations":[{"start":{"line":66,"column":13},"end":{"line":81,"column":9}},{"start":{"line":77,"column":13},"end":{"line":81,"column":9}}],"line":66},"7":{"loc":{"start":{"line":67,"column":10},"end":{"line":72,"column":11}},"type":"if","locations":[{"start":{"line":67,"column":10},"end":{"line":72,"column":11}},{"start":{"line":69,"column":17},"end":{"line":72,"column":11}}],"line":67},"8":{"loc":{"start":{"line":77,"column":13},"end":{"line":81,"column":9}},"type":"if","locations":[{"start":{"line":77,"column":13},"end":{"line":81,"column":9}},{"start":{"line":79,"column":15},"end":{"line":81,"column":9}}],"line":77},"9":{"loc":{"start":{"line":77,"column":17},"end":{"line":77,"column":76}},"type":"binary-expr","locations":[{"start":{"line":77,"column":17},"end":{"line":77,"column":48}},{"start":{"line":77,"column":52},"end":{"line":77,"column":76}}],"line":77},"10":{"loc":{"start":{"line":83,"column":13},"end":{"line":87,"column":7}},"type":"if","locations":[{"start":{"line":83,"column":13},"end":{"line":87,"column":7}},{"start":{"line":85,"column":13},"end":{"line":87,"column":7}}],"line":83},"11":{"loc":{"start":{"line":83,"column":17},"end":{"line":83,"column":80}},"type":"binary-expr","locations":[{"start":{"line":83,"column":17},"end":{"line":83,"column":52}},{"start":{"line":83,"column":56},"end":{"line":83,"column":80}}],"line":83}},"s":{"0":1,"1":50,"2":50,"3":50,"4":50,"5":0,"6":0,"7":0,"8":0,"9":0,"10":0,"11":0,"12":0,"13":0,"14":0,"15":0,"16":0,"17":5,"18":5,"19":50,"20":8,"21":8,"22":69,"23":8,"24":8,"25":8,"26":8,"27":8,"28":8,"29":8,"30":8,"31":65,"32":18,"33":18,"34":5,"35":1,"36":4,"37":4,"38":13,"39":8,"40":5,"41":47,"42":19,"43":28,"44":1,"45":1},"f":{"0":50,"1":0,"2":0,"3":0,"4":0,"5":5,"6":50,"7":8,"8":69,"9":8},"b":{"0":[0],"1":[0,0],"2":[0,0],"3":[18,47],"4":[0,18],"5":[18,1],"6":[5,13],"7":[1,4],"8":[8,5],"9":[13,8],"10":[19,28],"11":[47,20]},"_coverageSchema":"1a1c01bbd47fc00a2c39e90264f33305004495a9","hash":"cf42b0a8bacda462b1715e320d5fae7e96026fbb"}
}
