{"/Users/rob/Drive/makers/proper/weekend-challenges/week5/bowling-challenge/spec/featureSpec.js":{"path":"/Users/rob/Drive/makers/proper/weekend-challenges/week5/bowling-challenge/spec/featureSpec.js","s":{"1":1,"2":1,"3":1,"4":1,"5":3,"6":3,"7":1,"8":0,"9":0,"10":1,"11":1,"12":0,"13":1,"14":0,"15":1,"16":9,"17":0,"18":0,"19":1,"20":1,"21":1,"22":0,"23":0,"24":0,"25":1,"26":1,"27":0,"28":0,"29":0,"30":0,"31":0,"32":1,"33":1,"34":0,"35":1,"36":1,"37":0,"38":0,"39":1,"40":1,"41":0,"42":1,"43":1,"44":1,"45":0,"46":1,"47":1,"48":0,"49":1,"50":1,"51":1,"52":0,"53":0,"54":1,"55":1,"56":0},"b":{},"f":{"1":1,"2":3,"3":0,"4":1,"5":0,"6":9,"7":1,"8":1,"9":1,"10":1,"11":1,"12":1,"13":1,"14":1,"15":1,"16":1,"17":1},"fnMap":{"1":{"name":"(anonymous_1)","line":3,"loc":{"start":{"line":3,"column":22},"end":{"line":3,"column":33}}},"2":{"name":"(anonymous_2)","line":7,"loc":{"start":{"line":7,"column":19},"end":{"line":7,"column":37}}},"3":{"name":"(anonymous_3)","line":13,"loc":{"start":{"line":13,"column":20},"end":{"line":13,"column":31}}},"4":{"name":"(anonymous_4)","line":18,"loc":{"start":{"line":18,"column":28},"end":{"line":18,"column":39}}},"5":{"name":"(anonymous_5)","line":23,"loc":{"start":{"line":23,"column":21},"end":{"line":23,"column":32}}},"6":{"name":"(anonymous_6)","line":27,"loc":{"start":{"line":27,"column":15},"end":{"line":27,"column":26}}},"7":{"name":"(anonymous_7)","line":33,"loc":{"start":{"line":33,"column":31},"end":{"line":33,"column":42}}},"8":{"name":"(anonymous_8)","line":35,"loc":{"start":{"line":35,"column":64},"end":{"line":35,"column":75}}},"9":{"name":"(anonymous_9)","line":42,"loc":{"start":{"line":42,"column":65},"end":{"line":42,"column":76}}},"10":{"name":"(anonymous_10)","line":51,"loc":{"start":{"line":51,"column":62},"end":{"line":51,"column":73}}},"11":{"name":"(anonymous_11)","line":56,"loc":{"start":{"line":56,"column":32},"end":{"line":56,"column":43}}},"12":{"name":"(anonymous_12)","line":62,"loc":{"start":{"line":62,"column":33},"end":{"line":62,"column":44}}},"13":{"name":"(anonymous_13)","line":69,"loc":{"start":{"line":69,"column":33},"end":{"line":69,"column":44}}},"14":{"name":"(anonymous_14)","line":71,"loc":{"start":{"line":71,"column":34},"end":{"line":71,"column":45}}},"15":{"name":"(anonymous_15)","line":76,"loc":{"start":{"line":76,"column":60},"end":{"line":76,"column":71}}},"16":{"name":"(anonymous_16)","line":81,"loc":{"start":{"line":81,"column":104},"end":{"line":81,"column":115}}},"17":{"name":"(anonymous_17)","line":89,"loc":{"start":{"line":89,"column":54},"end":{"line":89,"column":65}}}},"statementMap":{"1":{"start":{"line":3,"column":0},"end":{"line":96,"column":3}},"2":{"start":{"line":4,"column":4},"end":{"line":4,"column":13}},"3":{"start":{"line":5,"column":4},"end":{"line":5,"column":14}},"4":{"start":{"line":7,"column":4},"end":{"line":11,"column":5}},"5":{"start":{"line":8,"column":8},"end":{"line":10,"column":9}},"6":{"start":{"line":9,"column":12},"end":{"line":9,"column":27}},"7":{"start":{"line":13,"column":4},"end":{"line":16,"column":5}},"8":{"start":{"line":14,"column":8},"end":{"line":14,"column":21}},"9":{"start":{"line":15,"column":8},"end":{"line":15,"column":21}},"10":{"start":{"line":18,"column":4},"end":{"line":21,"column":5}},"11":{"start":{"line":19,"column":8},"end":{"line":19,"column":21}},"12":{"start":{"line":20,"column":8},"end":{"line":20,"column":21}},"13":{"start":{"line":23,"column":4},"end":{"line":25,"column":5}},"14":{"start":{"line":24,"column":8},"end":{"line":24,"column":22}},"15":{"start":{"line":27,"column":4},"end":{"line":31,"column":7}},"16":{"start":{"line":28,"column":8},"end":{"line":28,"column":26}},"17":{"start":{"line":29,"column":8},"end":{"line":29,"column":21}},"18":{"start":{"line":30,"column":8},"end":{"line":30,"column":36}},"19":{"start":{"line":33,"column":4},"end":{"line":67,"column":7}},"20":{"start":{"line":35,"column":8},"end":{"line":40,"column":11}},"21":{"start":{"line":36,"column":12},"end":{"line":36,"column":53}},"22":{"start":{"line":37,"column":12},"end":{"line":37,"column":25}},"23":{"start":{"line":38,"column":12},"end":{"line":38,"column":53}},"24":{"start":{"line":39,"column":12},"end":{"line":39,"column":50}},"25":{"start":{"line":42,"column":8},"end":{"line":49,"column":11}},"26":{"start":{"line":43,"column":12},"end":{"line":43,"column":53}},"27":{"start":{"line":44,"column":12},"end":{"line":44,"column":25}},"28":{"start":{"line":45,"column":12},"end":{"line":45,"column":50}},"29":{"start":{"line":46,"column":12},"end":{"line":46,"column":53}},"30":{"start":{"line":47,"column":12},"end":{"line":47,"column":25}},"31":{"start":{"line":48,"column":12},"end":{"line":48,"column":48}},"32":{"start":{"line":51,"column":8},"end":{"line":54,"column":11}},"33":{"start":{"line":52,"column":12},"end":{"line":52,"column":25}},"34":{"start":{"line":53,"column":12},"end":{"line":53,"column":50}},"35":{"start":{"line":56,"column":8},"end":{"line":60,"column":11}},"36":{"start":{"line":57,"column":12},"end":{"line":57,"column":25}},"37":{"start":{"line":58,"column":12},"end":{"line":58,"column":25}},"38":{"start":{"line":59,"column":12},"end":{"line":59,"column":49}},"39":{"start":{"line":62,"column":8},"end":{"line":65,"column":11}},"40":{"start":{"line":63,"column":12},"end":{"line":63,"column":26}},"41":{"start":{"line":64,"column":12},"end":{"line":64,"column":50}},"42":{"start":{"line":69,"column":4},"end":{"line":94,"column":7}},"43":{"start":{"line":71,"column":8},"end":{"line":74,"column":11}},"44":{"start":{"line":72,"column":12},"end":{"line":72,"column":28}},"45":{"start":{"line":73,"column":12},"end":{"line":73,"column":63}},"46":{"start":{"line":76,"column":8},"end":{"line":79,"column":11}},"47":{"start":{"line":77,"column":12},"end":{"line":77,"column":28}},"48":{"start":{"line":78,"column":12},"end":{"line":78,"column":44}},"49":{"start":{"line":81,"column":8},"end":{"line":87,"column":11}},"50":{"start":{"line":82,"column":12},"end":{"line":84,"column":13}},"51":{"start":{"line":83,"column":16},"end":{"line":83,"column":36}},"52":{"start":{"line":85,"column":12},"end":{"line":85,"column":25}},"53":{"start":{"line":86,"column":12},"end":{"line":86,"column":46}},"54":{"start":{"line":89,"column":8},"end":{"line":92,"column":11}},"55":{"start":{"line":90,"column":12},"end":{"line":90,"column":29}},"56":{"start":{"line":91,"column":12},"end":{"line":91,"column":46}}},"branchMap":{}},"/Users/rob/Drive/makers/proper/weekend-challenges/week5/bowling-challenge/spec/frameSpec.js":{"path":"/Users/rob/Drive/makers/proper/weekend-challenges/week5/bowling-challenge/spec/frameSpec.js","s":{"1":1,"2":1,"3":1,"4":0,"5":0,"6":1,"7":0,"8":0,"9":1,"10":0,"11":1,"12":9,"13":1,"14":1,"15":1,"16":1,"17":1,"18":1,"19":1,"20":1,"21":0,"22":1,"23":1,"24":0,"25":1,"26":1,"27":0,"28":1,"29":1,"30":0,"31":1,"32":1,"33":0,"34":1,"35":1,"36":0,"37":0,"38":1,"39":1,"40":1,"41":0,"42":0},"b":{},"f":{"1":1,"2":0,"3":0,"4":0,"5":9,"6":1,"7":1,"8":1,"9":1,"10":1,"11":1,"12":1,"13":1,"14":1,"15":1,"16":1,"17":1},"fnMap":{"1":{"name":"(anonymous_1)","line":3,"loc":{"start":{"line":3,"column":18},"end":{"line":3,"column":29}}},"2":{"name":"(anonymous_2)","line":7,"loc":{"start":{"line":7,"column":19},"end":{"line":7,"column":37}}},"3":{"name":"(anonymous_3)","line":13,"loc":{"start":{"line":13,"column":20},"end":{"line":13,"column":31}}},"4":{"name":"(anonymous_4)","line":18,"loc":{"start":{"line":18,"column":21},"end":{"line":18,"column":32}}},"5":{"name":"(anonymous_5)","line":22,"loc":{"start":{"line":22,"column":15},"end":{"line":22,"column":26}}},"6":{"name":"(anonymous_6)","line":26,"loc":{"start":{"line":26,"column":35},"end":{"line":26,"column":46}}},"7":{"name":"(anonymous_7)","line":28,"loc":{"start":{"line":28,"column":39},"end":{"line":28,"column":50}}},"8":{"name":"(anonymous_8)","line":32,"loc":{"start":{"line":32,"column":24},"end":{"line":32,"column":35}}},"9":{"name":"(anonymous_9)","line":38,"loc":{"start":{"line":38,"column":32},"end":{"line":38,"column":43}}},"10":{"name":"(anonymous_10)","line":40,"loc":{"start":{"line":40,"column":51},"end":{"line":40,"column":62}}},"11":{"name":"(anonymous_11)","line":45,"loc":{"start":{"line":45,"column":71},"end":{"line":45,"column":82}}},"12":{"name":"(anonymous_12)","line":50,"loc":{"start":{"line":50,"column":52},"end":{"line":50,"column":63}}},"13":{"name":"(anonymous_13)","line":55,"loc":{"start":{"line":55,"column":58},"end":{"line":55,"column":69}}},"14":{"name":"(anonymous_14)","line":60,"loc":{"start":{"line":60,"column":52},"end":{"line":60,"column":63}}},"15":{"name":"(anonymous_15)","line":65,"loc":{"start":{"line":65,"column":71},"end":{"line":65,"column":82}}},"16":{"name":"(anonymous_16)","line":73,"loc":{"start":{"line":73,"column":29},"end":{"line":73,"column":40}}},"17":{"name":"(anonymous_17)","line":75,"loc":{"start":{"line":75,"column":61},"end":{"line":75,"column":72}}}},"statementMap":{"1":{"start":{"line":3,"column":0},"end":{"line":83,"column":3}},"2":{"start":{"line":5,"column":4},"end":{"line":5,"column":14}},"3":{"start":{"line":7,"column":4},"end":{"line":11,"column":5}},"4":{"start":{"line":8,"column":8},"end":{"line":10,"column":9}},"5":{"start":{"line":9,"column":12},"end":{"line":9,"column":28}},"6":{"start":{"line":13,"column":4},"end":{"line":16,"column":5}},"7":{"start":{"line":14,"column":8},"end":{"line":14,"column":22}},"8":{"start":{"line":15,"column":8},"end":{"line":15,"column":22}},"9":{"start":{"line":18,"column":4},"end":{"line":20,"column":5}},"10":{"start":{"line":19,"column":8},"end":{"line":19,"column":23}},"11":{"start":{"line":22,"column":4},"end":{"line":24,"column":7}},"12":{"start":{"line":23,"column":8},"end":{"line":23,"column":28}},"13":{"start":{"line":26,"column":4},"end":{"line":36,"column":7}},"14":{"start":{"line":28,"column":6},"end":{"line":30,"column":9}},"15":{"start":{"line":29,"column":10},"end":{"line":29,"column":48}},"16":{"start":{"line":32,"column":6},"end":{"line":34,"column":9}},"17":{"start":{"line":33,"column":10},"end":{"line":33,"column":42}},"18":{"start":{"line":38,"column":4},"end":{"line":71,"column":7}},"19":{"start":{"line":40,"column":8},"end":{"line":43,"column":11}},"20":{"start":{"line":41,"column":12},"end":{"line":41,"column":27}},"21":{"start":{"line":42,"column":12},"end":{"line":42,"column":46}},"22":{"start":{"line":45,"column":8},"end":{"line":48,"column":11}},"23":{"start":{"line":46,"column":12},"end":{"line":46,"column":26}},"24":{"start":{"line":47,"column":12},"end":{"line":47,"column":53}},"25":{"start":{"line":50,"column":8},"end":{"line":53,"column":11}},"26":{"start":{"line":51,"column":12},"end":{"line":51,"column":26}},"27":{"start":{"line":52,"column":12},"end":{"line":52,"column":50}},"28":{"start":{"line":55,"column":8},"end":{"line":58,"column":11}},"29":{"start":{"line":56,"column":12},"end":{"line":56,"column":27}},"30":{"start":{"line":57,"column":12},"end":{"line":57,"column":50}},"31":{"start":{"line":60,"column":8},"end":{"line":63,"column":11}},"32":{"start":{"line":61,"column":12},"end":{"line":61,"column":27}},"33":{"start":{"line":62,"column":12},"end":{"line":62,"column":55}},"34":{"start":{"line":65,"column":8},"end":{"line":69,"column":11}},"35":{"start":{"line":66,"column":12},"end":{"line":66,"column":26}},"36":{"start":{"line":67,"column":12},"end":{"line":67,"column":26}},"37":{"start":{"line":68,"column":12},"end":{"line":68,"column":49}},"38":{"start":{"line":73,"column":4},"end":{"line":81,"column":7}},"39":{"start":{"line":75,"column":8},"end":{"line":79,"column":11}},"40":{"start":{"line":76,"column":12},"end":{"line":76,"column":26}},"41":{"start":{"line":77,"column":12},"end":{"line":77,"column":26}},"42":{"start":{"line":78,"column":12},"end":{"line":78,"column":55}}},"branchMap":{}},"/Users/rob/Drive/makers/proper/weekend-challenges/week5/bowling-challenge/spec/gameSpec.js":{"path":"/Users/rob/Drive/makers/proper/weekend-challenges/week5/bowling-challenge/spec/gameSpec.js","s":{"1":1,"2":1,"3":1,"4":5,"5":5,"6":1,"7":1,"8":0,"9":1,"10":1,"11":1,"12":11,"13":0,"14":1,"15":1,"16":1,"17":0,"18":0,"19":0,"20":0,"21":1,"22":1,"23":1,"24":1,"25":1,"26":1,"27":0,"28":0,"29":1,"30":1,"31":0,"32":0,"33":1,"34":1,"35":1,"36":0,"37":1,"38":1,"39":0,"40":1,"41":1,"42":0,"43":1,"44":1,"45":0,"46":1,"47":1,"48":0,"49":0,"50":0,"51":0,"52":1,"53":1,"54":1,"55":0},"b":{},"f":{"1":1,"2":5,"3":1,"4":1,"5":11,"6":1,"7":1,"8":1,"9":1,"10":1,"11":1,"12":1,"13":1,"14":1,"15":1,"16":1,"17":1,"18":1,"19":1},"fnMap":{"1":{"name":"(anonymous_1)","line":3,"loc":{"start":{"line":3,"column":17},"end":{"line":3,"column":28}}},"2":{"name":"(anonymous_2)","line":7,"loc":{"start":{"line":7,"column":19},"end":{"line":7,"column":37}}},"3":{"name":"(anonymous_3)","line":13,"loc":{"start":{"line":13,"column":20},"end":{"line":13,"column":31}}},"4":{"name":"(anonymous_4)","line":18,"loc":{"start":{"line":18,"column":21},"end":{"line":18,"column":32}}},"5":{"name":"(anonymous_5)","line":22,"loc":{"start":{"line":22,"column":15},"end":{"line":22,"column":26}}},"6":{"name":"(anonymous_6)","line":27,"loc":{"start":{"line":27,"column":34},"end":{"line":27,"column":45}}},"7":{"name":"(anonymous_7)","line":29,"loc":{"start":{"line":29,"column":31},"end":{"line":29,"column":42}}},"8":{"name":"(anonymous_8)","line":37,"loc":{"start":{"line":37,"column":30},"end":{"line":37,"column":41}}},"9":{"name":"(anonymous_9)","line":41,"loc":{"start":{"line":41,"column":38},"end":{"line":41,"column":49}}},"10":{"name":"(anonymous_10)","line":45,"loc":{"start":{"line":45,"column":42},"end":{"line":45,"column":53}}},"11":{"name":"(anonymous_11)","line":51,"loc":{"start":{"line":51,"column":45},"end":{"line":51,"column":56}}},"12":{"name":"(anonymous_12)","line":59,"loc":{"start":{"line":59,"column":31},"end":{"line":59,"column":42}}},"13":{"name":"(anonymous_13)","line":61,"loc":{"start":{"line":61,"column":35},"end":{"line":61,"column":46}}},"14":{"name":"(anonymous_14)","line":66,"loc":{"start":{"line":66,"column":29},"end":{"line":66,"column":40}}},"15":{"name":"(anonymous_15)","line":71,"loc":{"start":{"line":71,"column":32},"end":{"line":71,"column":43}}},"16":{"name":"(anonymous_16)","line":76,"loc":{"start":{"line":76,"column":29},"end":{"line":76,"column":40}}},"17":{"name":"(anonymous_17)","line":81,"loc":{"start":{"line":81,"column":30},"end":{"line":81,"column":41}}},"18":{"name":"(anonymous_18)","line":91,"loc":{"start":{"line":91,"column":28},"end":{"line":91,"column":39}}},"19":{"name":"(anonymous_19)","line":93,"loc":{"start":{"line":93,"column":68},"end":{"line":93,"column":79}}}},"statementMap":{"1":{"start":{"line":3,"column":0},"end":{"line":100,"column":3}},"2":{"start":{"line":5,"column":4},"end":{"line":5,"column":13}},"3":{"start":{"line":7,"column":4},"end":{"line":11,"column":5}},"4":{"start":{"line":8,"column":8},"end":{"line":10,"column":9}},"5":{"start":{"line":9,"column":12},"end":{"line":9,"column":27}},"6":{"start":{"line":13,"column":4},"end":{"line":16,"column":5}},"7":{"start":{"line":14,"column":8},"end":{"line":14,"column":21}},"8":{"start":{"line":15,"column":8},"end":{"line":15,"column":21}},"9":{"start":{"line":18,"column":4},"end":{"line":20,"column":5}},"10":{"start":{"line":19,"column":8},"end":{"line":19,"column":22}},"11":{"start":{"line":22,"column":4},"end":{"line":25,"column":7}},"12":{"start":{"line":23,"column":8},"end":{"line":23,"column":26}},"13":{"start":{"line":24,"column":8},"end":{"line":24,"column":21}},"14":{"start":{"line":27,"column":4},"end":{"line":57,"column":7}},"15":{"start":{"line":29,"column":6},"end":{"line":35,"column":9}},"16":{"start":{"line":30,"column":10},"end":{"line":30,"column":23}},"17":{"start":{"line":31,"column":10},"end":{"line":31,"column":23}},"18":{"start":{"line":32,"column":10},"end":{"line":32,"column":23}},"19":{"start":{"line":33,"column":10},"end":{"line":33,"column":26}},"20":{"start":{"line":34,"column":10},"end":{"line":34,"column":43}},"21":{"start":{"line":37,"column":6},"end":{"line":39,"column":9}},"22":{"start":{"line":38,"column":10},"end":{"line":38,"column":48}},"23":{"start":{"line":41,"column":6},"end":{"line":43,"column":9}},"24":{"start":{"line":42,"column":10},"end":{"line":42,"column":48}},"25":{"start":{"line":45,"column":6},"end":{"line":49,"column":9}},"26":{"start":{"line":46,"column":10},"end":{"line":46,"column":23}},"27":{"start":{"line":47,"column":10},"end":{"line":47,"column":22}},"28":{"start":{"line":48,"column":10},"end":{"line":48,"column":57}},"29":{"start":{"line":51,"column":6},"end":{"line":55,"column":9}},"30":{"start":{"line":52,"column":10},"end":{"line":52,"column":23}},"31":{"start":{"line":53,"column":10},"end":{"line":53,"column":23}},"32":{"start":{"line":54,"column":10},"end":{"line":54,"column":39}},"33":{"start":{"line":59,"column":4},"end":{"line":89,"column":7}},"34":{"start":{"line":61,"column":6},"end":{"line":64,"column":9}},"35":{"start":{"line":62,"column":10},"end":{"line":62,"column":27}},"36":{"start":{"line":63,"column":10},"end":{"line":63,"column":44}},"37":{"start":{"line":66,"column":6},"end":{"line":69,"column":9}},"38":{"start":{"line":67,"column":10},"end":{"line":67,"column":26}},"39":{"start":{"line":68,"column":10},"end":{"line":68,"column":43}},"40":{"start":{"line":71,"column":6},"end":{"line":74,"column":9}},"41":{"start":{"line":72,"column":10},"end":{"line":72,"column":26}},"42":{"start":{"line":73,"column":10},"end":{"line":73,"column":42}},"43":{"start":{"line":76,"column":6},"end":{"line":79,"column":9}},"44":{"start":{"line":77,"column":10},"end":{"line":77,"column":26}},"45":{"start":{"line":78,"column":10},"end":{"line":78,"column":43}},"46":{"start":{"line":81,"column":6},"end":{"line":87,"column":9}},"47":{"start":{"line":82,"column":10},"end":{"line":82,"column":22}},"48":{"start":{"line":83,"column":10},"end":{"line":83,"column":23}},"49":{"start":{"line":84,"column":10},"end":{"line":84,"column":23}},"50":{"start":{"line":85,"column":10},"end":{"line":85,"column":26}},"51":{"start":{"line":86,"column":10},"end":{"line":86,"column":43}},"52":{"start":{"line":91,"column":4},"end":{"line":98,"column":7}},"53":{"start":{"line":93,"column":6},"end":{"line":96,"column":9}},"54":{"start":{"line":94,"column":10},"end":{"line":94,"column":26}},"55":{"start":{"line":95,"column":10},"end":{"line":95,"column":61}}},"branchMap":{}}}