TN:
SF:frame.js
FN:2,(anonymous_0)
FN:6,(anonymous_1)
FN:10,(anonymous_2)
FN:14,(anonymous_3)
FN:18,(anonymous_4)
FNF:5
FNH:5
FNDA:6,(anonymous_0)
FNDA:8,(anonymous_1)
FNDA:2,(anonymous_2)
FNDA:2,(anonymous_3)
FNDA:2,(anonymous_4)
DA:3,6
DA:7,8
DA:11,2
DA:15,2
DA:19,2
DA:24,1
LF:6
LH:6
BRDA:11,0,0,1
BRDA:11,0,1,1
BRDA:15,1,0,1
BRDA:15,1,1,1
BRF:4
BRH:4
end_of_record
TN:
SF:scorecard.js
FN:2,(anonymous_0)
FN:7,(anonymous_1)
FN:11,(anonymous_2)
FN:12,(anonymous_3)
FN:15,(anonymous_4)
FN:16,(anonymous_5)
FN:26,(anonymous_6)
FN:32,(anonymous_7)
FN:37,(anonymous_8)
FNF:9
FNH:7
FNDA:6,(anonymous_0)
FNDA:52,(anonymous_1)
FNDA:0,(anonymous_2)
FNDA:0,(anonymous_3)
FNDA:6,(anonymous_4)
FNDA:52,(anonymous_5)
FNDA:52,(anonymous_6)
FNDA:129,(anonymous_7)
FNDA:120,(anonymous_8)
DA:3,6
DA:4,6
DA:8,52
DA:12,0
DA:16,6
DA:17,52
DA:18,12
DA:19,40
DA:20,10
DA:21,10
DA:22,10
DA:25,6
DA:26,52
DA:27,6
DA:31,12
DA:32,129
DA:33,12
DA:37,120
DA:38,12
DA:39,12
DA:40,12
DA:41,12
DA:42,12
DA:43,12
DA:49,1
LF:25
LH:24
BRDA:17,0,0,12
BRDA:17,0,1,40
BRDA:17,1,0,52
BRDA:17,1,1,13
BRDA:19,2,0,10
BRDA:19,2,1,30
BRDA:19,3,0,40
BRDA:19,3,1,12
BRF:8
BRH:8
end_of_record
